Using pre-set license
Built from '2022.3/staging' branch; Version is '2022.3.9f1 (ea401c316338) revision 15351836'; Using compiler version '192829333'; Build Type 'Release'
OS: 'Windows 11  (10.0.22621) 64bit Core' Language: 'en' Physical Memory: 16085 MB
BatchMode: 1, IsHumanControllingUs: 0, StartBugReporterOnCrash: 0, Is64bit: 1, IsPro: 1

COMMAND LINE ARGUMENTS:
C:\Program Files\Unity 2022.3.9f1\Editor\Unity.exe
-adb2
-batchMode
-noUpm
-name
AssetImportWorker9
-projectPath
C:/Users/bobst/OneDrive/Documents/ca-JPQuirke-1/GET OUT GAME
-logFile
Logs/AssetImportWorker9.log
-srvPort
59029
Successfully changed project path to: C:/Users/bobst/OneDrive/Documents/ca-JPQuirke-1/GET OUT GAME
C:/Users/bobst/OneDrive/Documents/ca-JPQuirke-1/GET OUT GAME
[UnityMemory] Configuration Parameters - Can be set up in boot.config
    "memorysetup-bucket-allocator-granularity=16"
    "memorysetup-bucket-allocator-bucket-count=8"
    "memorysetup-bucket-allocator-block-size=33554432"
    "memorysetup-bucket-allocator-block-count=8"
    "memorysetup-main-allocator-block-size=16777216"
    "memorysetup-thread-allocator-block-size=16777216"
    "memorysetup-gfx-main-allocator-block-size=16777216"
    "memorysetup-gfx-thread-allocator-block-size=16777216"
    "memorysetup-cache-allocator-block-size=4194304"
    "memorysetup-typetree-allocator-block-size=2097152"
    "memorysetup-profiler-bucket-allocator-granularity=16"
    "memorysetup-profiler-bucket-allocator-bucket-count=8"
    "memorysetup-profiler-bucket-allocator-block-size=33554432"
    "memorysetup-profiler-bucket-allocator-block-count=8"
    "memorysetup-profiler-allocator-block-size=16777216"
    "memorysetup-profiler-editor-allocator-block-size=1048576"
    "memorysetup-temp-allocator-size-main=16777216"
    "memorysetup-job-temp-allocator-block-size=2097152"
    "memorysetup-job-temp-allocator-block-size-background=1048576"
    "memorysetup-job-temp-allocator-reduction-small-platforms=262144"
    "memorysetup-allocator-temp-initial-block-size-main=262144"
    "memorysetup-allocator-temp-initial-block-size-worker=262144"
    "memorysetup-temp-allocator-size-background-worker=32768"
    "memorysetup-temp-allocator-size-job-worker=262144"
    "memorysetup-temp-allocator-size-preload-manager=33554432"
    "memorysetup-temp-allocator-size-nav-mesh-worker=65536"
    "memorysetup-temp-allocator-size-audio-worker=65536"
    "memorysetup-temp-allocator-size-cloud-worker=32768"
    "memorysetup-temp-allocator-size-gi-baking-worker=262144"
    "memorysetup-temp-allocator-size-gfx=262144"
Player connection [19136] Host "[IP] 172.19.97.142 [Port] 0 [Flags] 2 [Guid] 1579931801 [EditorId] 1579931801 [Version] 1048832 [Id] WindowsEditor(7,MSI) [Debug] 1 [PackageName] WindowsEditor [ProjectName] Editor" joined multi-casting on [225.0.0.222:54997]...

Player connection [19136] Host "[IP] 172.19.97.142 [Port] 0 [Flags] 2 [Guid] 1579931801 [EditorId] 1579931801 [Version] 1048832 [Id] WindowsEditor(7,MSI) [Debug] 1 [PackageName] WindowsEditor [ProjectName] Editor" joined alternative multi-casting on [225.0.0.222:34997]...

[Physics::Module] Initialized MultithreadedJobDispatcher with 11 workers.
Refreshing native plugins compatible for Editor in 15.93 ms, found 12 plugins.
Preloading 1 native plugins for Editor in 0.52 ms.
Initialize engine version: 2022.3.9f1 (ea401c316338)
[Subsystems] Discovering subsystems at path C:/Program Files/Unity 2022.3.9f1/Editor/Data/Resources/UnitySubsystems
[Subsystems] Discovering subsystems at path C:/Users/bobst/OneDrive/Documents/ca-JPQuirke-1/GET OUT GAME/Assets
GfxDevice: creating device client; threaded=0; jobified=0
Direct3D:
    Version:  Direct3D 11.0 [level 11.1]
    Renderer: NVIDIA GeForce RTX 3050 Laptop GPU (ID=0x25a5)
    Vendor:   NVIDIA
    VRAM:     3991 MB
    Driver:   31.0.15.1694
Initialize mono
Mono path[0] = 'C:/Program Files/Unity 2022.3.9f1/Editor/Data/Managed'
Mono path[1] = 'C:/Program Files/Unity 2022.3.9f1/Editor/Data/MonoBleedingEdge/lib/mono/unityjit-win32'
Mono config path = 'C:/Program Files/Unity 2022.3.9f1/Editor/Data/MonoBleedingEdge/etc'
Using monoOptions --debugger-agent=transport=dt_socket,embedding=1,server=y,suspend=n,address=127.0.0.1:56976
Begin MonoManager ReloadAssembly
Registering precompiled unity dll's ...
Register platform support module: C:/Program Files/Unity 2022.3.9f1/Editor/Data/PlaybackEngines/WindowsStandaloneSupport/UnityEditor.WindowsStandalone.Extensions.dll
Registered in 0.006145 seconds.
- Loaded All Assemblies, in  0.325 seconds
Native extension for WindowsStandalone target not found
Mono: successfully reloaded assembly
- Finished resetting the current domain, in  0.200 seconds
Domain Reload Profiling: 524ms
	BeginReloadAssembly (90ms)
		ExecutionOrderSort (0ms)
		DisableScriptedObjects (0ms)
		BackupInstance (0ms)
		ReleaseScriptingObjects (0ms)
		CreateAndSetChildDomain (1ms)
	RebuildCommonClasses (35ms)
	RebuildNativeTypeToScriptingClass (12ms)
	initialDomainReloadingComplete (53ms)
	LoadAllAssembliesAndSetupDomain (133ms)
		LoadAssemblies (88ms)
		RebuildTransferFunctionScriptingTraits (0ms)
		AnalyzeDomain (131ms)
			TypeCache.Refresh (129ms)
				TypeCache.ScanAssembly (116ms)
			ScanForSourceGeneratedMonoScriptInfo (0ms)
			ResolveRequiredComponents (0ms)
	FinalizeReload (201ms)
		ReleaseScriptCaches (0ms)
		RebuildScriptCaches (0ms)
		SetupLoadedEditorAssemblies (156ms)
			LogAssemblyErrors (0ms)
			InitializePlatformSupportModulesInManaged (7ms)
			SetLoadedEditorAssemblies (6ms)
			RefreshPlugins (0ms)
			BeforeProcessingInitializeOnLoad (2ms)
			ProcessInitializeOnLoadAttributes (104ms)
			ProcessInitializeOnLoadMethodAttributes (38ms)
			AfterProcessingInitializeOnLoad (0ms)
			EditorAssembliesLoaded (0ms)
		ExecutionOrderSort2 (0ms)
		AwakeInstancesAfterBackupRestoration (0ms)
========================================================================
Worker process is ready to serve import requests
Begin MonoManager ReloadAssembly
- Loaded All Assemblies, in  0.585 seconds
Refreshing native plugins compatible for Editor in 15.63 ms, found 12 plugins.
Native extension for WindowsStandalone target not found
Package Manager log level set to [2]
[Package Manager] Server::EnsureServerProcessIsRunning -- launch failed, reason: Unity was launched with the -noUpm command-line argument
[Package Manager] UpmClient::Send -- Unable to send message (not connected to UPM process).
[Package Manager] Cannot connect to Unity Package Manager local server
[Package Manager] Server::EnsureServerProcessIsRunning -- launch failed, reason: Unity was launched with the -noUpm command-line argument
[Package Manager] UpmClient::Send -- Unable to send message (not connected to UPM process).
[Package Manager] Cannot connect to Unity Package Manager local server
System.Reflection.TargetInvocationException: Exception has been thrown by the target of an invocation. ---> System.NullReferenceException: Object reference not set to an instance of an object
  at Unity.XR.Oculus.OculusLoader.AssetPathToAbsolutePath (System.String assetPath) [0x0003d] in .\Library\PackageCache\com.unity.xr.oculus@4.0.0\Runtime\OculusLoader.cs:282 
  at Unity.XR.Oculus.OculusLoader.EditorLoadOVRPlugin () [0x0007b] in .\Library\PackageCache\com.unity.xr.oculus@4.0.0\Runtime\OculusLoader.cs:267 
  at (wrapper managed-to-native) System.Reflection.RuntimeMethodInfo.InternalInvoke(System.Reflection.RuntimeMethodInfo,object,object[],System.Exception&)
  at System.Reflection.RuntimeMethodInfo.Invoke (System.Object obj, System.Reflection.BindingFlags invokeAttr, System.Reflection.Binder binder, System.Object[] parameters, System.Globalization.CultureInfo culture) [0x0006a] in <787acc3c9a4c471ba7d971300105af24>:0 
   --- End of inner exception stack trace ---
  at System.Reflection.RuntimeMethodInfo.Invoke (System.Object obj, System.Reflection.BindingFlags invokeAttr, System.Reflection.Binder binder, System.Object[] parameters, System.Globalization.CultureInfo culture) [0x00083] in <787acc3c9a4c471ba7d971300105af24>:0 
  at System.Reflection.MethodBase.Invoke (System.Object obj, System.Object[] parameters) [0x00000] in <787acc3c9a4c471ba7d971300105af24>:0 
  at UnityEditor.EditorAssemblies.ProcessInitializeOnLoadMethodAttributes () [0x000a5] in <2e279d988b9d4542841de511fbfdf8c2>:0 
UnityEngine.StackTraceUtility:ExtractStackTrace ()
UnityEngine.DebugLogHandler:LogFormat (UnityEngine.LogType,UnityEngine.Object,string,object[])
UnityEngine.Logger:Log (UnityEngine.LogType,object)
UnityEngine.Debug:LogError (object)
UnityEditor.EditorAssemblies:ProcessInitializeOnLoadMethodAttributes ()

Mono: successfully reloaded assembly
[Package Manager] Server::EnsureServerProcessIsRunning -- launch failed, reason: Unity was launched with the -noUpm command-line argument
[Package Manager] UpmClient::Send -- Unable to send message (not connected to UPM process).
[Package Manager] Cannot connect to Unity Package Manager local server
[Package Manager] Server::EnsureServerProcessIsRunning -- launch failed, reason: Unity was launched with the -noUpm command-line argument
[Package Manager] UpmClient::Send -- Unable to send message (not connected to UPM process).
[Package Manager] Cannot connect to Unity Package Manager local server
- Finished resetting the current domain, in  0.633 seconds
Domain Reload Profiling: 1214ms
	BeginReloadAssembly (135ms)
		ExecutionOrderSort (0ms)
		DisableScriptedObjects (6ms)
		BackupInstance (0ms)
		ReleaseScriptingObjects (2ms)
		CreateAndSetChildDomain (25ms)
	RebuildCommonClasses (27ms)
	RebuildNativeTypeToScriptingClass (9ms)
	initialDomainReloadingComplete (35ms)
	LoadAllAssembliesAndSetupDomain (374ms)
		LoadAssemblies (250ms)
		RebuildTransferFunctionScriptingTraits (0ms)
		AnalyzeDomain (194ms)
			TypeCache.Refresh (167ms)
				TypeCache.ScanAssembly (151ms)
			ScanForSourceGeneratedMonoScriptInfo (19ms)
			ResolveRequiredComponents (6ms)
	FinalizeReload (633ms)
		ReleaseScriptCaches (0ms)
		RebuildScriptCaches (0ms)
		SetupLoadedEditorAssemblies (476ms)
			LogAssemblyErrors (0ms)
			InitializePlatformSupportModulesInManaged (5ms)
			SetLoadedEditorAssemblies (4ms)
			RefreshPlugins (0ms)
			BeforeProcessingInitializeOnLoad (77ms)
			ProcessInitializeOnLoadAttributes (338ms)
			ProcessInitializeOnLoadMethodAttributes (43ms)
			AfterProcessingInitializeOnLoad (8ms)
			EditorAssembliesLoaded (0ms)
		ExecutionOrderSort2 (0ms)
		AwakeInstancesAfterBackupRestoration (7ms)
Launched and connected shader compiler UnityShaderCompiler.exe after 0.03 seconds
Refreshing native plugins compatible for Editor in 17.81 ms, found 12 plugins.
Preloading 1 native plugins for Editor in 0.08 ms.
Unloading 4752 Unused Serialized files (Serialized files now loaded: 0)
Unloading 76 unused Assets / (75.1 KB). Loaded Objects now: 5248.
Memory consumption went from 160.1 MB to 160.0 MB.
Total: 4.341300 ms (FindLiveObjects: 0.366000 ms CreateObjectMapping: 0.153000 ms MarkObjects: 3.589300 ms  DeleteObjects: 0.213700 ms)

AssetImportParameters requested are different than current active one (requested -> active):
  custom:container-demuxer-ogg: 62fdf1f143b41e24485cea50d1cbac27 -> 
  custom:video-decoder-ogg-theora: a1e56fd34408186e4bbccfd4996cb3dc -> 
  custom:framework-win-MediaFoundation: 216162199b28c13a410421893ffa2e32 -> 
  custom:CustomObjectIndexerAttribute: 756ad292c208cfabdd7b50bc23989ffe -> 
  custom:container-demuxer-webm: 4f35f7cbe854078d1ac9338744f61a02 -> 
  custom:container-muxer-webm: aa71ff27fc2769a1b78a27578f13a17b -> 
  custom:video-decoder-webm-vp8: 9c59270c3fd7afecdb556c50c9e8de78 -> 
  custom:SearchIndexIgnoredProperties: e643bd26f0fe6173181afceb89e7c659 -> 
  custom:AudioImporter_EditorPlatform: d09bf68614088b80899f8185d706f6e7 -> 
  custom:video-encoder-webm-vp8: eb34c28f22e8b96e1ab97ce403110664 -> 
  custom:audio-decoder-ogg-vorbis: bf7c407c2cedff20999df2af8eb42d56 -> 
  custom:audio-encoder-webm-vorbis: bf7c407c2cedff20999df2af8eb42d56 -> 
========================================================================
Received Import Request.
  Time since last request: 184921.003486 seconds.
  path: Assets/Next-gen Electronics Pack/Materials/monitor.mat
  artifactKey: Guid(11730a56f82f21a4285d6fb01dea3721) Importer(815301076,1909f56bfc062723c751e8b465ee728b)
Start importing Assets/Next-gen Electronics Pack/Materials/monitor.mat using Guid(11730a56f82f21a4285d6fb01dea3721) Importer(815301076,1909f56bfc062723c751e8b465ee728b)  -> (artifact id: '34e417cb623c83b3aa0d6afbb8f3ed3d') in 0.275446 seconds
Number of updated asset objects reloaded before import = 0
Number of asset objects unloaded after import = 5
========================================================================
Received Import Request.
  Time since last request: 0.000028 seconds.
  path: Assets/Next-gen Electronics Pack/Materials/pc_speakers.mat
  artifactKey: Guid(23d971725e92a594face407d304dafd7) Importer(815301076,1909f56bfc062723c751e8b465ee728b)
Start importing Assets/Next-gen Electronics Pack/Materials/pc_speakers.mat using Guid(23d971725e92a594face407d304dafd7) Importer(815301076,1909f56bfc062723c751e8b465ee728b)  -> (artifact id: '3d2e053767772f00c32b5530a46f7b97') in 0.127795 seconds
Number of updated asset objects reloaded before import = 0
Number of asset objects unloaded after import = 4
========================================================================
Received Import Request.
  Time since last request: 1.867517 seconds.
  path: Assets/Next-gen Electronics Pack/Models/monitor.FBX
  artifactKey: Guid(63689292dd0431b428d23776f0a9e454) Importer(815301076,1909f56bfc062723c751e8b465ee728b)
Start importing Assets/Next-gen Electronics Pack/Models/monitor.FBX using Guid(63689292dd0431b428d23776f0a9e454) Importer(815301076,1909f56bfc062723c751e8b465ee728b)  -> (artifact id: '8877e1541e8a5351468ede331e9bb3bf') in 0.043014 seconds
Number of updated asset objects reloaded before import = 0
Number of asset objects unloaded after import = 7
========================================================================
Received Import Request.
  Time since last request: 0.000055 seconds.
  path: Assets/Next-gen Electronics Pack/Models/notebook.FBX
  artifactKey: Guid(09468717187a9a748aab93f7bf1a4abd) Importer(815301076,1909f56bfc062723c751e8b465ee728b)
Start importing Assets/Next-gen Electronics Pack/Models/notebook.FBX using Guid(09468717187a9a748aab93f7bf1a4abd) Importer(815301076,1909f56bfc062723c751e8b465ee728b)  -> (artifact id: '591a659fd435e613d0a476bd1668854f') in 0.013909 seconds
Number of updated asset objects reloaded before import = 0
Number of asset objects unloaded after import = 7
========================================================================
Received Import Request.
  Time since last request: 0.000018 seconds.
  path: Assets/Next-gen Electronics Pack/Models/speaker.FBX
  artifactKey: Guid(02a5be3d33ccb964dafb3252403f145e) Importer(815301076,1909f56bfc062723c751e8b465ee728b)
Start importing Assets/Next-gen Electronics Pack/Models/speaker.FBX using Guid(02a5be3d33ccb964dafb3252403f145e) Importer(815301076,1909f56bfc062723c751e8b465ee728b)  -> (artifact id: '77ca684e251e9dbc8aa4bec4dbcecea8') in 0.024415 seconds
Number of updated asset objects reloaded before import = 0
Number of asset objects unloaded after import = 7
========================================================================
Received Import Request.
  Time since last request: 0.000031 seconds.
  path: Assets/Next-gen Electronics Pack/Models/pc_speaker_R.FBX
  artifactKey: Guid(2e7307d6a6e1816418b381dbb612f773) Importer(815301076,1909f56bfc062723c751e8b465ee728b)
Start importing Assets/Next-gen Electronics Pack/Models/pc_speaker_R.FBX using Guid(2e7307d6a6e1816418b381dbb612f773) Importer(815301076,1909f56bfc062723c751e8b465ee728b)  -> (artifact id: '8c777d05c08296e159debe9953080dfb') in 0.013442 seconds
Number of updated asset objects reloaded before import = 0
Number of asset objects unloaded after import = 7
========================================================================
Received Import Request.
  Time since last request: 2.260083 seconds.
  path: Assets/Next-gen Electronics Pack/Prefabs/notebook.prefab
  artifactKey: Guid(bf021d31c282a084089cd6e7afb24924) Importer(815301076,1909f56bfc062723c751e8b465ee728b)
Start importing Assets/Next-gen Electronics Pack/Prefabs/notebook.prefab using Guid(bf021d31c282a084089cd6e7afb24924) Importer(815301076,1909f56bfc062723c751e8b465ee728b)  -> (artifact id: '4e3924fca81527ae75aec80442831bb8') in 0.021094 seconds
Number of updated asset objects reloaded before import = 0
Number of asset objects unloaded after import = 11
========================================================================
Received Import Request.
  Time since last request: 0.000023 seconds.
  path: Assets/Next-gen Electronics Pack/Prefabs/pc.prefab
  artifactKey: Guid(19951a7b87a9dd940b2f287b60439293) Importer(815301076,1909f56bfc062723c751e8b465ee728b)
Start importing Assets/Next-gen Electronics Pack/Prefabs/pc.prefab using Guid(19951a7b87a9dd940b2f287b60439293) Importer(815301076,1909f56bfc062723c751e8b465ee728b)  -> (artifact id: '42fe5f96bf0d13ddf70026598db6f0bd') in 0.021677 seconds
Number of updated asset objects reloaded before import = 0
Number of asset objects unloaded after import = 11
========================================================================
Received Import Request.
  Time since last request: 0.000022 seconds.
  path: Assets/Next-gen Electronics Pack/Prefabs/pc_speaker_R.prefab
  artifactKey: Guid(d9c76b17ee3e72a4189eff6f14e3af30) Importer(815301076,1909f56bfc062723c751e8b465ee728b)
Start importing Assets/Next-gen Electronics Pack/Prefabs/pc_speaker_R.prefab using Guid(d9c76b17ee3e72a4189eff6f14e3af30) Importer(815301076,1909f56bfc062723c751e8b465ee728b)  -> (artifact id: '751a96e10fc3570e3469eee8b2015470') in 0.019100 seconds
Number of updated asset objects reloaded before import = 0
Number of asset objects unloaded after import = 11
========================================================================
Received Import Request.
  Time since last request: 0.000022 seconds.
  path: Assets/Next-gen Electronics Pack/Prefabs/speaker.prefab
  artifactKey: Guid(4c5b051c9ffa8264eb24aff9e76e4625) Importer(815301076,1909f56bfc062723c751e8b465ee728b)
Start importing Assets/Next-gen Electronics Pack/Prefabs/speaker.prefab using Guid(4c5b051c9ffa8264eb24aff9e76e4625) Importer(815301076,1909f56bfc062723c751e8b465ee728b)  -> (artifact id: 'ce47312a968bb20193055f34e5dbae18') in 0.017823 seconds
Number of updated asset objects reloaded before import = 0
Number of asset objects unloaded after import = 11
========================================================================
Received Import Request.
  Time since last request: 0.000023 seconds.
  path: Assets/Next-gen Electronics Pack/Prefabs/tv.prefab
  artifactKey: Guid(936af2eb3334f694da6bf0a65eed3125) Importer(815301076,1909f56bfc062723c751e8b465ee728b)
Start importing Assets/Next-gen Electronics Pack/Prefabs/tv.prefab using Guid(936af2eb3334f694da6bf0a65eed3125) Importer(815301076,1909f56bfc062723c751e8b465ee728b)  -> (artifact id: '061780efb12ef80cf0b7b639f320f034') in 0.028638 seconds
Number of updated asset objects reloaded before import = 0
Number of asset objects unloaded after import = 12
========================================================================
Received Import Request.
  Time since last request: 1.849660 seconds.
  path: Assets/Next-gen Electronics Pack/Textures/monitor_e.psd
  artifactKey: Guid(ec266d7015bf91d4e915da5ac4314940) Importer(815301076,1909f56bfc062723c751e8b465ee728b)
Start importing Assets/Next-gen Electronics Pack/Textures/monitor_e.psd using Guid(ec266d7015bf91d4e915da5ac4314940) Importer(815301076,1909f56bfc062723c751e8b465ee728b)  -> (artifact id: '14b1687c703c1ce3953f0d4c57f4261a') in 0.045743 seconds
Number of updated asset objects reloaded before import = 0
Number of asset objects unloaded after import = 2
========================================================================
Received Import Request.
  Time since last request: 0.000058 seconds.
  path: Assets/Next-gen Electronics Pack/Textures/speaker_s.psd
  artifactKey: Guid(2ca29adbced2fc74bb62338b4008403b) Importer(815301076,1909f56bfc062723c751e8b465ee728b)
Start importing Assets/Next-gen Electronics Pack/Textures/speaker_s.psd using Guid(2ca29adbced2fc74bb62338b4008403b) Importer(815301076,1909f56bfc062723c751e8b465ee728b)  -> (artifact id: 'afed6ad50c099c0c6f0494c30398fb29') in 0.041596 seconds
Number of updated asset objects reloaded before import = 0
Number of asset objects unloaded after import = 2
========================================================================
Received Import Request.
  Time since last request: 0.000114 seconds.
  path: Assets/Next-gen Electronics Pack/Textures/speaker_n.psd
  artifactKey: Guid(29449801714aea043a076891277c71f1) Importer(815301076,1909f56bfc062723c751e8b465ee728b)
Start importing Assets/Next-gen Electronics Pack/Textures/speaker_n.psd using Guid(29449801714aea043a076891277c71f1) Importer(815301076,1909f56bfc062723c751e8b465ee728b)  -> (artifact id: 'c978ec81007023bfdb97f1a4b79dcef5') in 0.054852 seconds
Number of updated asset objects reloaded before import = 0
Number of asset objects unloaded after import = 2
========================================================================
Received Import Request.
  Time since last request: 0.000025 seconds.
  path: Assets/Next-gen Electronics Pack/Textures/mouse_s.psd
  artifactKey: Guid(28cc34fc59eb76e4a8b7756923bd1c32) Importer(815301076,1909f56bfc062723c751e8b465ee728b)
Start importing Assets/Next-gen Electronics Pack/Textures/mouse_s.psd using Guid(28cc34fc59eb76e4a8b7756923bd1c32) Importer(815301076,1909f56bfc062723c751e8b465ee728b)  -> (artifact id: '6a4c0881be04daf610d818cd386acecc') in 0.044545 seconds
Number of updated asset objects reloaded before import = 0
Number of asset objects unloaded after import = 2
========================================================================
Received Import Request.
  Time since last request: 0.000476 seconds.
  path: Assets/Next-gen Electronics Pack/Textures/tv_s.psd
  artifactKey: Guid(183f2e04ce53d9d44b3eb6aae6d464ec) Importer(815301076,1909f56bfc062723c751e8b465ee728b)
Start importing Assets/Next-gen Electronics Pack/Textures/tv_s.psd using Guid(183f2e04ce53d9d44b3eb6aae6d464ec) Importer(815301076,1909f56bfc062723c751e8b465ee728b)  -> (artifact id: 'af3cfcd9485d37c167e15f885cb93aa2') in 0.013401 seconds
Number of updated asset objects reloaded before import = 0
Number of asset objects unloaded after import = 2
========================================================================
Received Import Request.
  Time since last request: 12.236502 seconds.
  path: Assets/VRTemplateAssets/Themes/AnchorAffordanceTheme.asset
  artifactKey: Guid(0b1260e07d3cf9b4eb80ff2e299d0bbf) Importer(815301076,1909f56bfc062723c751e8b465ee728b)
Start importing Assets/VRTemplateAssets/Themes/AnchorAffordanceTheme.asset using Guid(0b1260e07d3cf9b4eb80ff2e299d0bbf) Importer(815301076,1909f56bfc062723c751e8b465ee728b)  -> (artifact id: '54d1c64c485cc4fa18ef641b180fbebf') in 0.005021 seconds
Number of updated asset objects reloaded before import = 0
Number of asset objects unloaded after import = 1
========================================================================
Received Import Request.
  Time since last request: 0.000221 seconds.
  path: Assets/VRTemplateAssets/Models/Anchor/AnchorFade.fbx
  artifactKey: Guid(436757056de26e144b330984c539cecd) Importer(815301076,1909f56bfc062723c751e8b465ee728b)
Start importing Assets/VRTemplateAssets/Models/Anchor/AnchorFade.fbx using Guid(436757056de26e144b330984c539cecd) Importer(815301076,1909f56bfc062723c751e8b465ee728b)  -> (artifact id: '1ea5da5b46203813ae51fba7541fafaa') in 0.043775 seconds
Number of updated asset objects reloaded before import = 0
Number of asset objects unloaded after import = 8
========================================================================
Received Import Request.
  Time since last request: 4.845964 seconds.
  path: Assets/VRTemplateAssets/Materials/Primitive/Interactables.mat
  artifactKey: Guid(377a24320b3adeb438edc10508f4ced8) Importer(815301076,1909f56bfc062723c751e8b465ee728b)
Start importing Assets/VRTemplateAssets/Materials/Primitive/Interactables.mat using Guid(377a24320b3adeb438edc10508f4ced8) Importer(815301076,1909f56bfc062723c751e8b465ee728b)  -> (artifact id: '0719d6b35d10a0eeccda3d02e909310b') in 0.015358 seconds
Number of updated asset objects reloaded before import = 0
Number of asset objects unloaded after import = 2
========================================================================
Received Import Request.
  Time since last request: 0.000021 seconds.
  path: Assets/Samples/XR Interaction Toolkit/2.4.3/Starter Assets/Prefabs/Interactables Sample.prefab
  artifactKey: Guid(6821e1b7f44d8c44b8a2ba02f37309d5) Importer(815301076,1909f56bfc062723c751e8b465ee728b)
Start importing Assets/Samples/XR Interaction Toolkit/2.4.3/Starter Assets/Prefabs/Interactables Sample.prefab using Guid(6821e1b7f44d8c44b8a2ba02f37309d5) Importer(815301076,1909f56bfc062723c751e8b465ee728b)  -> (artifact id: '18c8c71dc558092ea18c8bc1c0d69f53') in 0.051234 seconds
Number of updated asset objects reloaded before import = 0
Number of asset objects unloaded after import = 127
========================================================================
Received Import Request.
  Time since last request: 0.000020 seconds.
  path: Assets/_Course Library/Source Files/Models/Table_Side_Traditional.fbx
  artifactKey: Guid(9db8dbf70f24c5f499f088351ba4b805) Importer(815301076,1909f56bfc062723c751e8b465ee728b)
Start importing Assets/_Course Library/Source Files/Models/Table_Side_Traditional.fbx using Guid(9db8dbf70f24c5f499f088351ba4b805) Importer(815301076,1909f56bfc062723c751e8b465ee728b)  -> (artifact id: 'e08fd38c3db191a05dc374d90bdfdaca') in 0.163103 seconds
Number of updated asset objects reloaded before import = 0
Number of asset objects unloaded after import = 15
Editor requested this worker to shutdown with reason: Scaling down because of idle timeout
TcpMessagingSession - receive error: operation aborted. errorcode: 995, details: The I/O operation has been aborted because of either a thread exit or an application request.
AssetImportWorker is now disconnected from the server
Process exiting
Exiting without the bug reporter. Application will terminate with return code 0