Using pre-set license
Built from '2022.3/staging' branch; Version is '2022.3.9f1 (ea401c316338) revision 15351836'; Using compiler version '192829333'; Build Type 'Release'
OS: 'Windows 11  (10.0.22621) 64bit Core' Language: 'en' Physical Memory: 16085 MB
BatchMode: 1, IsHumanControllingUs: 0, StartBugReporterOnCrash: 0, Is64bit: 1, IsPro: 1

COMMAND LINE ARGUMENTS:
C:\Program Files\Unity 2022.3.9f1\Editor\Unity.exe
-adb2
-batchMode
-noUpm
-name
AssetImportWorker5
-projectPath
C:/Users/bobst/OneDrive/Documents/ca-JPQuirke-1/GET OUT GAME
-logFile
Logs/AssetImportWorker5.log
-srvPort
59029
Successfully changed project path to: C:/Users/bobst/OneDrive/Documents/ca-JPQuirke-1/GET OUT GAME
C:/Users/bobst/OneDrive/Documents/ca-JPQuirke-1/GET OUT GAME
[UnityMemory] Configuration Parameters - Can be set up in boot.config
    "memorysetup-bucket-allocator-granularity=16"
    "memorysetup-bucket-allocator-bucket-count=8"
    "memorysetup-bucket-allocator-block-size=33554432"
    "memorysetup-bucket-allocator-block-count=8"
    "memorysetup-main-allocator-block-size=16777216"
    "memorysetup-thread-allocator-block-size=16777216"
    "memorysetup-gfx-main-allocator-block-size=16777216"
    "memorysetup-gfx-thread-allocator-block-size=16777216"
    "memorysetup-cache-allocator-block-size=4194304"
    "memorysetup-typetree-allocator-block-size=2097152"
    "memorysetup-profiler-bucket-allocator-granularity=16"
    "memorysetup-profiler-bucket-allocator-bucket-count=8"
    "memorysetup-profiler-bucket-allocator-block-size=33554432"
    "memorysetup-profiler-bucket-allocator-block-count=8"
    "memorysetup-profiler-allocator-block-size=16777216"
    "memorysetup-profiler-editor-allocator-block-size=1048576"
    "memorysetup-temp-allocator-size-main=16777216"
    "memorysetup-job-temp-allocator-block-size=2097152"
    "memorysetup-job-temp-allocator-block-size-background=1048576"
    "memorysetup-job-temp-allocator-reduction-small-platforms=262144"
    "memorysetup-allocator-temp-initial-block-size-main=262144"
    "memorysetup-allocator-temp-initial-block-size-worker=262144"
    "memorysetup-temp-allocator-size-background-worker=32768"
    "memorysetup-temp-allocator-size-job-worker=262144"
    "memorysetup-temp-allocator-size-preload-manager=33554432"
    "memorysetup-temp-allocator-size-nav-mesh-worker=65536"
    "memorysetup-temp-allocator-size-audio-worker=65536"
    "memorysetup-temp-allocator-size-cloud-worker=32768"
    "memorysetup-temp-allocator-size-gi-baking-worker=262144"
    "memorysetup-temp-allocator-size-gfx=262144"
Player connection [3760] Host "[IP] 172.19.97.142 [Port] 0 [Flags] 2 [Guid] 3982556214 [EditorId] 3982556214 [Version] 1048832 [Id] WindowsEditor(7,MSI) [Debug] 1 [PackageName] WindowsEditor [ProjectName] Editor" joined multi-casting on [225.0.0.222:54997]...

Player connection [3760] Host "[IP] 172.19.97.142 [Port] 0 [Flags] 2 [Guid] 3982556214 [EditorId] 3982556214 [Version] 1048832 [Id] WindowsEditor(7,MSI) [Debug] 1 [PackageName] WindowsEditor [ProjectName] Editor" joined alternative multi-casting on [225.0.0.222:34997]...

[Physics::Module] Initialized MultithreadedJobDispatcher with 11 workers.
Refreshing native plugins compatible for Editor in 17.21 ms, found 12 plugins.
Preloading 1 native plugins for Editor in 0.67 ms.
Initialize engine version: 2022.3.9f1 (ea401c316338)
[Subsystems] Discovering subsystems at path C:/Program Files/Unity 2022.3.9f1/Editor/Data/Resources/UnitySubsystems
[Subsystems] Discovering subsystems at path C:/Users/bobst/OneDrive/Documents/ca-JPQuirke-1/GET OUT GAME/Assets
GfxDevice: creating device client; threaded=0; jobified=0
Direct3D:
    Version:  Direct3D 11.0 [level 11.1]
    Renderer: NVIDIA GeForce RTX 3050 Laptop GPU (ID=0x25a5)
    Vendor:   NVIDIA
    VRAM:     3991 MB
    Driver:   31.0.15.1694
Initialize mono
Mono path[0] = 'C:/Program Files/Unity 2022.3.9f1/Editor/Data/Managed'
Mono path[1] = 'C:/Program Files/Unity 2022.3.9f1/Editor/Data/MonoBleedingEdge/lib/mono/unityjit-win32'
Mono config path = 'C:/Program Files/Unity 2022.3.9f1/Editor/Data/MonoBleedingEdge/etc'
Using monoOptions --debugger-agent=transport=dt_socket,embedding=1,server=y,suspend=n,address=127.0.0.1:56548
Begin MonoManager ReloadAssembly
Registering precompiled unity dll's ...
Register platform support module: C:/Program Files/Unity 2022.3.9f1/Editor/Data/PlaybackEngines/WindowsStandaloneSupport/UnityEditor.WindowsStandalone.Extensions.dll
Registered in 0.005915 seconds.
- Loaded All Assemblies, in  0.302 seconds
Native extension for WindowsStandalone target not found
Mono: successfully reloaded assembly
- Finished resetting the current domain, in  0.241 seconds
Domain Reload Profiling: 542ms
	BeginReloadAssembly (90ms)
		ExecutionOrderSort (0ms)
		DisableScriptedObjects (0ms)
		BackupInstance (0ms)
		ReleaseScriptingObjects (0ms)
		CreateAndSetChildDomain (1ms)
	RebuildCommonClasses (33ms)
	RebuildNativeTypeToScriptingClass (8ms)
	initialDomainReloadingComplete (53ms)
	LoadAllAssembliesAndSetupDomain (116ms)
		LoadAssemblies (88ms)
		RebuildTransferFunctionScriptingTraits (0ms)
		AnalyzeDomain (114ms)
			TypeCache.Refresh (113ms)
				TypeCache.ScanAssembly (100ms)
			ScanForSourceGeneratedMonoScriptInfo (0ms)
			ResolveRequiredComponents (0ms)
	FinalizeReload (242ms)
		ReleaseScriptCaches (0ms)
		RebuildScriptCaches (0ms)
		SetupLoadedEditorAssemblies (184ms)
			LogAssemblyErrors (0ms)
			InitializePlatformSupportModulesInManaged (10ms)
			SetLoadedEditorAssemblies (7ms)
			RefreshPlugins (0ms)
			BeforeProcessingInitializeOnLoad (2ms)
			ProcessInitializeOnLoadAttributes (120ms)
			ProcessInitializeOnLoadMethodAttributes (45ms)
			AfterProcessingInitializeOnLoad (0ms)
			EditorAssembliesLoaded (0ms)
		ExecutionOrderSort2 (0ms)
		AwakeInstancesAfterBackupRestoration (0ms)
========================================================================
Worker process is ready to serve import requests
Begin MonoManager ReloadAssembly
- Loaded All Assemblies, in  0.601 seconds
Refreshing native plugins compatible for Editor in 14.59 ms, found 12 plugins.
Native extension for WindowsStandalone target not found
Package Manager log level set to [2]
[Package Manager] Server::EnsureServerProcessIsRunning -- launch failed, reason: Unity was launched with the -noUpm command-line argument
[Package Manager] UpmClient::Send -- Unable to send message (not connected to UPM process).
[Package Manager] Cannot connect to Unity Package Manager local server
[Package Manager] Server::EnsureServerProcessIsRunning -- launch failed, reason: Unity was launched with the -noUpm command-line argument
[Package Manager] UpmClient::Send -- Unable to send message (not connected to UPM process).
[Package Manager] Cannot connect to Unity Package Manager local server
System.Reflection.TargetInvocationException: Exception has been thrown by the target of an invocation. ---> System.NullReferenceException: Object reference not set to an instance of an object
  at Unity.XR.Oculus.OculusLoader.AssetPathToAbsolutePath (System.String assetPath) [0x0003d] in .\Library\PackageCache\com.unity.xr.oculus@4.0.0\Runtime\OculusLoader.cs:282 
  at Unity.XR.Oculus.OculusLoader.EditorLoadOVRPlugin () [0x0007b] in .\Library\PackageCache\com.unity.xr.oculus@4.0.0\Runtime\OculusLoader.cs:267 
  at (wrapper managed-to-native) System.Reflection.RuntimeMethodInfo.InternalInvoke(System.Reflection.RuntimeMethodInfo,object,object[],System.Exception&)
  at System.Reflection.RuntimeMethodInfo.Invoke (System.Object obj, System.Reflection.BindingFlags invokeAttr, System.Reflection.Binder binder, System.Object[] parameters, System.Globalization.CultureInfo culture) [0x0006a] in <787acc3c9a4c471ba7d971300105af24>:0 
   --- End of inner exception stack trace ---
  at System.Reflection.RuntimeMethodInfo.Invoke (System.Object obj, System.Reflection.BindingFlags invokeAttr, System.Reflection.Binder binder, System.Object[] parameters, System.Globalization.CultureInfo culture) [0x00083] in <787acc3c9a4c471ba7d971300105af24>:0 
  at System.Reflection.MethodBase.Invoke (System.Object obj, System.Object[] parameters) [0x00000] in <787acc3c9a4c471ba7d971300105af24>:0 
  at UnityEditor.EditorAssemblies.ProcessInitializeOnLoadMethodAttributes () [0x000a5] in <2e279d988b9d4542841de511fbfdf8c2>:0 
UnityEngine.StackTraceUtility:ExtractStackTrace ()
UnityEngine.DebugLogHandler:LogFormat (UnityEngine.LogType,UnityEngine.Object,string,object[])
UnityEngine.Logger:Log (UnityEngine.LogType,object)
UnityEngine.Debug:LogError (object)
UnityEditor.EditorAssemblies:ProcessInitializeOnLoadMethodAttributes ()

Mono: successfully reloaded assembly
[Package Manager] Server::EnsureServerProcessIsRunning -- launch failed, reason: Unity was launched with the -noUpm command-line argument
[Package Manager] UpmClient::Send -- Unable to send message (not connected to UPM process).
[Package Manager] Cannot connect to Unity Package Manager local server
[Package Manager] Server::EnsureServerProcessIsRunning -- launch failed, reason: Unity was launched with the -noUpm command-line argument
[Package Manager] UpmClient::Send -- Unable to send message (not connected to UPM process).
[Package Manager] Cannot connect to Unity Package Manager local server
- Finished resetting the current domain, in  0.633 seconds
Domain Reload Profiling: 1232ms
	BeginReloadAssembly (128ms)
		ExecutionOrderSort (0ms)
		DisableScriptedObjects (6ms)
		BackupInstance (0ms)
		ReleaseScriptingObjects (0ms)
		CreateAndSetChildDomain (21ms)
	RebuildCommonClasses (37ms)
	RebuildNativeTypeToScriptingClass (13ms)
	initialDomainReloadingComplete (37ms)
	LoadAllAssembliesAndSetupDomain (383ms)
		LoadAssemblies (266ms)
		RebuildTransferFunctionScriptingTraits (0ms)
		AnalyzeDomain (183ms)
			TypeCache.Refresh (158ms)
				TypeCache.ScanAssembly (141ms)
			ScanForSourceGeneratedMonoScriptInfo (18ms)
			ResolveRequiredComponents (6ms)
	FinalizeReload (634ms)
		ReleaseScriptCaches (0ms)
		RebuildScriptCaches (0ms)
		SetupLoadedEditorAssemblies (481ms)
			LogAssemblyErrors (0ms)
			InitializePlatformSupportModulesInManaged (5ms)
			SetLoadedEditorAssemblies (4ms)
			RefreshPlugins (0ms)
			BeforeProcessingInitializeOnLoad (70ms)
			ProcessInitializeOnLoadAttributes (346ms)
			ProcessInitializeOnLoadMethodAttributes (51ms)
			AfterProcessingInitializeOnLoad (6ms)
			EditorAssembliesLoaded (0ms)
		ExecutionOrderSort2 (0ms)
		AwakeInstancesAfterBackupRestoration (5ms)
Launched and connected shader compiler UnityShaderCompiler.exe after 0.03 seconds
Refreshing native plugins compatible for Editor in 13.70 ms, found 12 plugins.
Preloading 1 native plugins for Editor in 0.07 ms.
Unloading 4752 Unused Serialized files (Serialized files now loaded: 0)
Unloading 76 unused Assets / (75.1 KB). Loaded Objects now: 5248.
Memory consumption went from 160.3 MB to 160.2 MB.
Total: 5.132100 ms (FindLiveObjects: 0.499600 ms CreateObjectMapping: 0.432600 ms MarkObjects: 3.982000 ms  DeleteObjects: 0.216400 ms)

AssetImportParameters requested are different than current active one (requested -> active):
  custom:container-demuxer-ogg: 62fdf1f143b41e24485cea50d1cbac27 -> 
  custom:video-decoder-ogg-theora: a1e56fd34408186e4bbccfd4996cb3dc -> 
  custom:framework-win-MediaFoundation: 216162199b28c13a410421893ffa2e32 -> 
  custom:CustomObjectIndexerAttribute: 756ad292c208cfabdd7b50bc23989ffe -> 
  custom:container-demuxer-webm: 4f35f7cbe854078d1ac9338744f61a02 -> 
  custom:container-muxer-webm: aa71ff27fc2769a1b78a27578f13a17b -> 
  custom:video-decoder-webm-vp8: 9c59270c3fd7afecdb556c50c9e8de78 -> 
  custom:SearchIndexIgnoredProperties: e643bd26f0fe6173181afceb89e7c659 -> 
  custom:AudioImporter_EditorPlatform: d09bf68614088b80899f8185d706f6e7 -> 
  custom:video-encoder-webm-vp8: eb34c28f22e8b96e1ab97ce403110664 -> 
  custom:audio-decoder-ogg-vorbis: bf7c407c2cedff20999df2af8eb42d56 -> 
  custom:audio-encoder-webm-vorbis: bf7c407c2cedff20999df2af8eb42d56 -> 
========================================================================
Received Import Request.
  Time since last request: 184416.948066 seconds.
  path: Assets/_Course Library/Materials
  artifactKey: Guid(3c0c8afab163f2c4d94973ba180fe86b) Importer(815301076,1909f56bfc062723c751e8b465ee728b)
Start importing Assets/_Course Library/Materials using Guid(3c0c8afab163f2c4d94973ba180fe86b) Importer(815301076,1909f56bfc062723c751e8b465ee728b)  -> (artifact id: '0f3700670b9e75890833fd2283d36be2') in 0.002626 seconds
Number of updated asset objects reloaded before import = 0
Number of asset objects unloaded after import = 0
========================================================================
Received Import Request.
  Time since last request: 5.539896 seconds.
  path: Assets/_Course Library/_Prefabs/Televisions
  artifactKey: Guid(15529c195cc64b8459351162eed2262a) Importer(815301076,1909f56bfc062723c751e8b465ee728b)
Start importing Assets/_Course Library/_Prefabs/Televisions using Guid(15529c195cc64b8459351162eed2262a) Importer(815301076,1909f56bfc062723c751e8b465ee728b)  -> (artifact id: 'e005ca08b69f2b0cfa1f87d05112912b') in 0.000624 seconds
Number of updated asset objects reloaded before import = 0
Number of asset objects unloaded after import = 0
========================================================================
Received Import Request.
  Time since last request: 0.048551 seconds.
  path: Assets/_Course Library/_Prefabs/Televisions/TV_FlatWallMounted.prefab
  artifactKey: Guid(a3051c696c83442f8b9a1c115ffa2359) Importer(815301076,1909f56bfc062723c751e8b465ee728b)
Start importing Assets/_Course Library/_Prefabs/Televisions/TV_FlatWallMounted.prefab using Guid(a3051c696c83442f8b9a1c115ffa2359) Importer(815301076,1909f56bfc062723c751e8b465ee728b)  -> (artifact id: 'f64bdb1de26705085d7cb77b337c353b') in 0.095178 seconds
Number of updated asset objects reloaded before import = 0
Number of asset objects unloaded after import = 20
========================================================================
Received Import Request.
  Time since last request: 1.374191 seconds.
  path: Assets/_Course Library/_Prefabs/Storage/Shelving_Modern_Gray.prefab
  artifactKey: Guid(9cba3f19103249f49a089c693f633e19) Importer(815301076,1909f56bfc062723c751e8b465ee728b)
Start importing Assets/_Course Library/_Prefabs/Storage/Shelving_Modern_Gray.prefab using Guid(9cba3f19103249f49a089c693f633e19) Importer(815301076,1909f56bfc062723c751e8b465ee728b)  -> (artifact id: '2844006612d55b237165da9bedae036a') in 0.034154 seconds
Number of updated asset objects reloaded before import = 0
Number of asset objects unloaded after import = 21
========================================================================
Received Import Request.
  Time since last request: 1.390446 seconds.
  path: Assets/_Course Library/_Prefabs/Tables/Table_Coffee_Traditional.prefab
  artifactKey: Guid(0d96f7bd47e015244b495190ca7e753d) Importer(815301076,1909f56bfc062723c751e8b465ee728b)
Start importing Assets/_Course Library/_Prefabs/Tables/Table_Coffee_Traditional.prefab using Guid(0d96f7bd47e015244b495190ca7e753d) Importer(815301076,1909f56bfc062723c751e8b465ee728b)  -> (artifact id: '8b7d842fe6fe34cd382d2fc00d2a2c7d') in 0.022574 seconds
Number of updated asset objects reloaded before import = 0
Number of asset objects unloaded after import = 16
========================================================================
Received Import Request.
  Time since last request: 0.000020 seconds.
  path: Assets/_Course Library/_Prefabs/Tables/Table_Side_Traditional.prefab
  artifactKey: Guid(2f20e9b17e3c892419d73072a4223c83) Importer(815301076,1909f56bfc062723c751e8b465ee728b)
Start importing Assets/_Course Library/_Prefabs/Tables/Table_Side_Traditional.prefab using Guid(2f20e9b17e3c892419d73072a4223c83) Importer(815301076,1909f56bfc062723c751e8b465ee728b)  -> (artifact id: 'fa33cd8ab55d004e142116125cb91fa6') in 0.012741 seconds
Number of updated asset objects reloaded before import = 0
Number of asset objects unloaded after import = 28
========================================================================
Received Import Request.
  Time since last request: 1.222086 seconds.
  path: Assets/_Course Library/_Prefabs/Seating/Couch_Modern_Gray.prefab
  artifactKey: Guid(0eb8793a9b9aa6b4c8a601e1e50f6801) Importer(815301076,1909f56bfc062723c751e8b465ee728b)
Start importing Assets/_Course Library/_Prefabs/Seating/Couch_Modern_Gray.prefab using Guid(0eb8793a9b9aa6b4c8a601e1e50f6801) Importer(815301076,1909f56bfc062723c751e8b465ee728b)  -> (artifact id: '4d05b57d83daaf9eff8ef2e297dcbaf1') in 0.009873 seconds
Number of updated asset objects reloaded before import = 0
Number of asset objects unloaded after import = 24
========================================================================
Received Import Request.
  Time since last request: 0.707809 seconds.
  path: Assets/_Course Library/_Prefabs/Plants/Plant_A.prefab
  artifactKey: Guid(e8f8deb5a30624e479e669f8e64613b8) Importer(815301076,1909f56bfc062723c751e8b465ee728b)
Start importing Assets/_Course Library/_Prefabs/Plants/Plant_A.prefab using Guid(e8f8deb5a30624e479e669f8e64613b8) Importer(815301076,1909f56bfc062723c751e8b465ee728b)  -> (artifact id: '7877400503f214e0415a5b402a6b8816') in 0.011451 seconds
Number of updated asset objects reloaded before import = 0
Number of asset objects unloaded after import = 32
========================================================================
Received Import Request.
  Time since last request: 1.264277 seconds.
  path: Assets/_Course Library/_Prefabs/Lighting/Chandelier_Traditional.prefab
  artifactKey: Guid(24059ac741805e844a334555559f8f53) Importer(815301076,1909f56bfc062723c751e8b465ee728b)
Start importing Assets/_Course Library/_Prefabs/Lighting/Chandelier_Traditional.prefab using Guid(24059ac741805e844a334555559f8f53) Importer(815301076,1909f56bfc062723c751e8b465ee728b)  -> (artifact id: 'a46c02b2eed60c4b8c0235c09aff391e') in 0.023308 seconds
Number of updated asset objects reloaded before import = 0
Number of asset objects unloaded after import = 10
========================================================================
Received Import Request.
  Time since last request: 1.521109 seconds.
  path: Assets/_Course Library/_Prefabs/Objects/Electronics
  artifactKey: Guid(68ea93a3a13662947a5b201b56e74467) Importer(815301076,1909f56bfc062723c751e8b465ee728b)
Start importing Assets/_Course Library/_Prefabs/Objects/Electronics using Guid(68ea93a3a13662947a5b201b56e74467) Importer(815301076,1909f56bfc062723c751e8b465ee728b)  -> (artifact id: 'cfe8ae1529e5a408146138a94a292db9') in 0.000753 seconds
Number of updated asset objects reloaded before import = 0
Number of asset objects unloaded after import = 0
========================================================================
Received Import Request.
  Time since last request: 0.031512 seconds.
  path: Assets/_Course Library/_Prefabs/Objects/Electronics/Remote.prefab
  artifactKey: Guid(ea01289ad12c363458e3a12b1e6afdf2) Importer(815301076,1909f56bfc062723c751e8b465ee728b)
Start importing Assets/_Course Library/_Prefabs/Objects/Electronics/Remote.prefab using Guid(ea01289ad12c363458e3a12b1e6afdf2) Importer(815301076,1909f56bfc062723c751e8b465ee728b)  -> (artifact id: 'ad5082c15b43fc201e3d33a76e522d14') in 0.028505 seconds
Number of updated asset objects reloaded before import = 0
Number of asset objects unloaded after import = 15
========================================================================
Received Import Request.
  Time since last request: 2.083566 seconds.
  path: Assets/_Course Library/_Prefabs/Objects/Hats/Hat_Cap.prefab
  artifactKey: Guid(ada41267943a79c4286b35bd7172eff3) Importer(815301076,1909f56bfc062723c751e8b465ee728b)
Start importing Assets/_Course Library/_Prefabs/Objects/Hats/Hat_Cap.prefab using Guid(ada41267943a79c4286b35bd7172eff3) Importer(815301076,1909f56bfc062723c751e8b465ee728b)  -> (artifact id: '86771f71e746e77ca2d1c2db542274d4') in 0.029331 seconds
Number of updated asset objects reloaded before import = 0
Number of asset objects unloaded after import = 12
========================================================================
Received Import Request.
  Time since last request: 2.445956 seconds.
  path: Assets/_Course Library/_Prefabs/Fireplaces/Fireplace_Rustic.prefab
  artifactKey: Guid(9613f127c4654fd4ca17526faa6e34bb) Importer(815301076,1909f56bfc062723c751e8b465ee728b)
Start importing Assets/_Course Library/_Prefabs/Fireplaces/Fireplace_Rustic.prefab using Guid(9613f127c4654fd4ca17526faa6e34bb) Importer(815301076,1909f56bfc062723c751e8b465ee728b)  -> (artifact id: '5de428193ff4abe840bd7e6d44677e36') in 0.020824 seconds
Number of updated asset objects reloaded before import = 0
Number of asset objects unloaded after import = 117
========================================================================
Received Import Request.
  Time since last request: 0.734941 seconds.
  path: Assets/_Course Library/_Prefabs/Bins/Bin_Round_Blue.prefab
  artifactKey: Guid(1ce821d9e7282cd498277a5e5cf36f05) Importer(815301076,1909f56bfc062723c751e8b465ee728b)
Start importing Assets/_Course Library/_Prefabs/Bins/Bin_Round_Blue.prefab using Guid(1ce821d9e7282cd498277a5e5cf36f05) Importer(815301076,1909f56bfc062723c751e8b465ee728b)  -> (artifact id: 'ff6f72b94bc304b4fbcb06faa1895b96') in 0.010810 seconds
Number of updated asset objects reloaded before import = 0
Number of asset objects unloaded after import = 36
========================================================================
Received Import Request.
  Time since last request: 3.295742 seconds.
  path: Assets/_Course Library/_Prefabs/Objects
  artifactKey: Guid(a458f7de39e1c294684b121687b42221) Importer(815301076,1909f56bfc062723c751e8b465ee728b)
Start importing Assets/_Course Library/_Prefabs/Objects using Guid(a458f7de39e1c294684b121687b42221) Importer(815301076,1909f56bfc062723c751e8b465ee728b)  -> (artifact id: '8f2042b6c3c84942298eefe512cc556b') in 0.011471 seconds
Number of updated asset objects reloaded before import = 0
Number of asset objects unloaded after import = 0
========================================================================
Received Import Request.
  Time since last request: 15.365781 seconds.
  path: Assets/_Course Library/Video/Video_Unity-shape-the-world.mp4
  artifactKey: Guid(8cd99a81a5fad4847b8aa48a15272de0) Importer(815301076,1909f56bfc062723c751e8b465ee728b)
Start importing Assets/_Course Library/Video/Video_Unity-shape-the-world.mp4 using Guid(8cd99a81a5fad4847b8aa48a15272de0) Importer(815301076,1909f56bfc062723c751e8b465ee728b)  -> (artifact id: 'c137f6817c1c5aee9dd19d5f4d89127d') in 0.012311 seconds
Number of updated asset objects reloaded before import = 0
Number of asset objects unloaded after import = 1
========================================================================
Received Import Request.
  Time since last request: 0.708830 seconds.
  path: Assets/_Course Library/video 1/Goated On The Sticks 2 - Made with Clipchamp.mp4
  artifactKey: Guid(2e0d4142ca1e9334b9b7ff1e56ced959) Importer(815301076,1909f56bfc062723c751e8b465ee728b)
Start importing Assets/_Course Library/video 1/Goated On The Sticks 2 - Made with Clipchamp.mp4 using Guid(2e0d4142ca1e9334b9b7ff1e56ced959) Importer(815301076,1909f56bfc062723c751e8b465ee728b)  -> (artifact id: '29eb658828948776fa65a4500e0e9069') in 0.001535 seconds
Number of updated asset objects reloaded before import = 0
Number of asset objects unloaded after import = 1
========================================================================
Received Import Request.
  Time since last request: 0.796790 seconds.
  path: Assets/Alstra Infinite/Vehicles LowPoly/Materials/Main.mat
  artifactKey: Guid(64b998866979c4f42936ef48ca89ebde) Importer(815301076,1909f56bfc062723c751e8b465ee728b)
Start importing Assets/Alstra Infinite/Vehicles LowPoly/Materials/Main.mat using Guid(64b998866979c4f42936ef48ca89ebde) Importer(815301076,1909f56bfc062723c751e8b465ee728b)  -> (artifact id: 'bceb9ea33b8b09957f9ea267aa9aa72b') in 0.027666 seconds
Number of updated asset objects reloaded before import = 0
Number of asset objects unloaded after import = 2
========================================================================
Received Import Request.
  Time since last request: 0.726815 seconds.
  path: Assets/Alstra Infinite/Vehicles LowPoly/Models/Ambulance-Truck.fbx
  artifactKey: Guid(509eb149074154547a6b7a4a46184d78) Importer(815301076,1909f56bfc062723c751e8b465ee728b)
Start importing Assets/Alstra Infinite/Vehicles LowPoly/Models/Ambulance-Truck.fbx using Guid(509eb149074154547a6b7a4a46184d78) Importer(815301076,1909f56bfc062723c751e8b465ee728b)  -> (artifact id: 'b70303fc54345f1d8c38392fcebe2023') in 0.030311 seconds
Number of updated asset objects reloaded before import = 0
Number of asset objects unloaded after import = 9
========================================================================
Received Import Request.
  Time since last request: 0.011514 seconds.
  path: Assets/Alstra Infinite/Vehicles LowPoly/Models/MuscleCarV3.fbx
  artifactKey: Guid(08646bcb6ab0691419816561264e749d) Importer(815301076,1909f56bfc062723c751e8b465ee728b)
Start importing Assets/Alstra Infinite/Vehicles LowPoly/Models/MuscleCarV3.fbx using Guid(08646bcb6ab0691419816561264e749d) Importer(815301076,1909f56bfc062723c751e8b465ee728b)  -> (artifact id: 'e56f3af315b8ab2b7743fb8517dd9f10') in 0.019715 seconds
Number of updated asset objects reloaded before import = 0
Number of asset objects unloaded after import = 9
========================================================================
Received Import Request.
  Time since last request: 0.000022 seconds.
  path: Assets/Alstra Infinite/Vehicles LowPoly/Models/SwiftoV1.fbx
  artifactKey: Guid(b0034cacfe8872c4190c1cd859e223e0) Importer(815301076,1909f56bfc062723c751e8b465ee728b)
Start importing Assets/Alstra Infinite/Vehicles LowPoly/Models/SwiftoV1.fbx using Guid(b0034cacfe8872c4190c1cd859e223e0) Importer(815301076,1909f56bfc062723c751e8b465ee728b)  -> (artifact id: '933a4f458fb90370b9dc1655618ed746') in 0.020231 seconds
Number of updated asset objects reloaded before import = 0
Number of asset objects unloaded after import = 9
========================================================================
Received Import Request.
  Time since last request: 0.000037 seconds.
  path: Assets/Alstra Infinite/Vehicles LowPoly/Models/MuscleCarV2.fbx
  artifactKey: Guid(5f9e095c9f9a5274b89dc525182debae) Importer(815301076,1909f56bfc062723c751e8b465ee728b)
Start importing Assets/Alstra Infinite/Vehicles LowPoly/Models/MuscleCarV2.fbx using Guid(5f9e095c9f9a5274b89dc525182debae) Importer(815301076,1909f56bfc062723c751e8b465ee728b)  -> (artifact id: '6f1243b6757a93da7e7013f3172ad11b') in 0.019143 seconds
Number of updated asset objects reloaded before import = 0
Number of asset objects unloaded after import = 9
========================================================================
Received Import Request.
  Time since last request: 0.000017 seconds.
  path: Assets/Alstra Infinite/Vehicles LowPoly/Models/MuscleCarV4.fbx
  artifactKey: Guid(330758c92d218b544b9bf32c24ddb173) Importer(815301076,1909f56bfc062723c751e8b465ee728b)
Start importing Assets/Alstra Infinite/Vehicles LowPoly/Models/MuscleCarV4.fbx using Guid(330758c92d218b544b9bf32c24ddb173) Importer(815301076,1909f56bfc062723c751e8b465ee728b)  -> (artifact id: 'ec0a903db5247a1c6ac6b0b73b8e6d9e') in 0.017222 seconds
Number of updated asset objects reloaded before import = 0
Number of asset objects unloaded after import = 9
Editor requested this worker to shutdown with reason: Scaling down because of idle timeout
TcpMessagingSession - receive error: operation aborted. errorcode: 995, details: The I/O operation has been aborted because of either a thread exit or an application request.
AssetImportWorker is now disconnected from the server
Process exiting
Exiting without the bug reporter. Application will terminate with return code 0