Using pre-set license
Built from '2022.3/staging' branch; Version is '2022.3.9f1 (ea401c316338) revision 15351836'; Using compiler version '192829333'; Build Type 'Release'
OS: 'Windows 10  (10.0.19045) 64bit Enterprise' Language: 'en' Physical Memory: 32477 MB
BatchMode: 1, IsHumanControllingUs: 0, StartBugReporterOnCrash: 0, Is64bit: 1, IsPro: 1

COMMAND LINE ARGUMENTS:
C:\Program Files\Unity 2022.3.9f1\Editor\Unity.exe
-adb2
-batchMode
-noUpm
-name
AssetImportWorker1
-projectPath
C:/Users/a00299206/Documents/GitHub/ca-JPQuirke-1/VR Room with Josh
-logFile
Logs/AssetImportWorker1.log
-srvPort
53790
Successfully changed project path to: C:/Users/a00299206/Documents/GitHub/ca-JPQuirke-1/VR Room with Josh
C:/Users/a00299206/Documents/GitHub/ca-JPQuirke-1/VR Room with Josh
[UnityMemory] Configuration Parameters - Can be set up in boot.config
    "memorysetup-bucket-allocator-granularity=16"
    "memorysetup-bucket-allocator-bucket-count=8"
    "memorysetup-bucket-allocator-block-size=33554432"
    "memorysetup-bucket-allocator-block-count=8"
    "memorysetup-main-allocator-block-size=16777216"
    "memorysetup-thread-allocator-block-size=16777216"
    "memorysetup-gfx-main-allocator-block-size=16777216"
    "memorysetup-gfx-thread-allocator-block-size=16777216"
    "memorysetup-cache-allocator-block-size=4194304"
    "memorysetup-typetree-allocator-block-size=2097152"
    "memorysetup-profiler-bucket-allocator-granularity=16"
    "memorysetup-profiler-bucket-allocator-bucket-count=8"
    "memorysetup-profiler-bucket-allocator-block-size=33554432"
    "memorysetup-profiler-bucket-allocator-block-count=8"
    "memorysetup-profiler-allocator-block-size=16777216"
    "memorysetup-profiler-editor-allocator-block-size=1048576"
    "memorysetup-temp-allocator-size-main=16777216"
    "memorysetup-job-temp-allocator-block-size=2097152"
    "memorysetup-job-temp-allocator-block-size-background=1048576"
    "memorysetup-job-temp-allocator-reduction-small-platforms=262144"
    "memorysetup-allocator-temp-initial-block-size-main=262144"
    "memorysetup-allocator-temp-initial-block-size-worker=262144"
    "memorysetup-temp-allocator-size-background-worker=32768"
    "memorysetup-temp-allocator-size-job-worker=262144"
    "memorysetup-temp-allocator-size-preload-manager=33554432"
    "memorysetup-temp-allocator-size-nav-mesh-worker=65536"
    "memorysetup-temp-allocator-size-audio-worker=65536"
    "memorysetup-temp-allocator-size-cloud-worker=32768"
    "memorysetup-temp-allocator-size-gi-baking-worker=262144"
    "memorysetup-temp-allocator-size-gfx=262144"
Player connection [12888] Host "[IP] 192.168.23.156 [Port] 0 [Flags] 2 [Guid] 1570787089 [EditorId] 1570787089 [Version] 1048832 [Id] WindowsEditor(7,AT-X207-24) [Debug] 1 [PackageName] WindowsEditor [ProjectName] Editor" joined multi-casting on [225.0.0.222:54997]...

Player connection [12888] Host "[IP] 192.168.23.156 [Port] 0 [Flags] 2 [Guid] 1570787089 [EditorId] 1570787089 [Version] 1048832 [Id] WindowsEditor(7,AT-X207-24) [Debug] 1 [PackageName] WindowsEditor [ProjectName] Editor" joined alternative multi-casting on [225.0.0.222:34997]...

[Physics::Module] Initialized MultithreadedJobDispatcher with 19 workers.
Refreshing native plugins compatible for Editor in 17.48 ms, found 12 plugins.
Preloading 1 native plugins for Editor in 0.52 ms.
Initialize engine version: 2022.3.9f1 (ea401c316338)
[Subsystems] Discovering subsystems at path C:/Program Files/Unity 2022.3.9f1/Editor/Data/Resources/UnitySubsystems
[Subsystems] Discovering subsystems at path C:/Users/a00299206/Documents/GitHub/ca-JPQuirke-1/VR Room with Josh/Assets
GfxDevice: creating device client; threaded=0; jobified=0
Direct3D:
    Version:  Direct3D 11.0 [level 11.1]
    Renderer: NVIDIA GeForce RTX 3080 (ID=0x2216)
    Vendor:   NVIDIA
    VRAM:     10067 MB
    Driver:   31.0.15.3619
Initialize mono
Mono path[0] = 'C:/Program Files/Unity 2022.3.9f1/Editor/Data/Managed'
Mono path[1] = 'C:/Program Files/Unity 2022.3.9f1/Editor/Data/MonoBleedingEdge/lib/mono/unityjit-win32'
Mono config path = 'C:/Program Files/Unity 2022.3.9f1/Editor/Data/MonoBleedingEdge/etc'
Using monoOptions --debugger-agent=transport=dt_socket,embedding=1,server=y,suspend=n,address=127.0.0.1:56544
Begin MonoManager ReloadAssembly
Registering precompiled unity dll's ...
Register platform support module: C:/Program Files/Unity 2022.3.9f1/Editor/Data/PlaybackEngines/WindowsStandaloneSupport/UnityEditor.WindowsStandalone.Extensions.dll
Registered in 0.005201 seconds.
- Loaded All Assemblies, in  0.338 seconds
Native extension for WindowsStandalone target not found
Mono: successfully reloaded assembly
- Finished resetting the current domain, in  0.299 seconds
Domain Reload Profiling: 636ms
	BeginReloadAssembly (92ms)
		ExecutionOrderSort (0ms)
		DisableScriptedObjects (0ms)
		BackupInstance (0ms)
		ReleaseScriptingObjects (0ms)
		CreateAndSetChildDomain (1ms)
	RebuildCommonClasses (31ms)
	RebuildNativeTypeToScriptingClass (12ms)
	initialDomainReloadingComplete (49ms)
	LoadAllAssembliesAndSetupDomain (153ms)
		LoadAssemblies (90ms)
		RebuildTransferFunctionScriptingTraits (0ms)
		AnalyzeDomain (152ms)
			TypeCache.Refresh (150ms)
				TypeCache.ScanAssembly (130ms)
			ScanForSourceGeneratedMonoScriptInfo (1ms)
			ResolveRequiredComponents (1ms)
	FinalizeReload (300ms)
		ReleaseScriptCaches (0ms)
		RebuildScriptCaches (0ms)
		SetupLoadedEditorAssemblies (232ms)
			LogAssemblyErrors (0ms)
			InitializePlatformSupportModulesInManaged (10ms)
			SetLoadedEditorAssemblies (9ms)
			RefreshPlugins (0ms)
			BeforeProcessingInitializeOnLoad (3ms)
			ProcessInitializeOnLoadAttributes (168ms)
			ProcessInitializeOnLoadMethodAttributes (42ms)
			AfterProcessingInitializeOnLoad (0ms)
			EditorAssembliesLoaded (0ms)
		ExecutionOrderSort2 (0ms)
		AwakeInstancesAfterBackupRestoration (0ms)
========================================================================
Worker process is ready to serve import requests
Begin MonoManager ReloadAssembly
- Loaded All Assemblies, in  0.678 seconds
Refreshing native plugins compatible for Editor in 17.37 ms, found 12 plugins.
Native extension for WindowsStandalone target not found
Package Manager log level set to [2]
[Package Manager] Server::EnsureServerProcessIsRunning -- launch failed, reason: Unity was launched with the -noUpm command-line argument
[Package Manager] UpmClient::Send -- Unable to send message (not connected to UPM process).
[Package Manager] Cannot connect to Unity Package Manager local server
[Package Manager] Server::EnsureServerProcessIsRunning -- launch failed, reason: Unity was launched with the -noUpm command-line argument
[Package Manager] UpmClient::Send -- Unable to send message (not connected to UPM process).
[Package Manager] Cannot connect to Unity Package Manager local server
System.Reflection.TargetInvocationException: Exception has been thrown by the target of an invocation. ---> System.NullReferenceException: Object reference not set to an instance of an object
  at Unity.XR.Oculus.OculusLoader.AssetPathToAbsolutePath (System.String assetPath) [0x0003d] in .\Library\PackageCache\com.unity.xr.oculus@4.0.0\Runtime\OculusLoader.cs:282 
  at Unity.XR.Oculus.OculusLoader.EditorLoadOVRPlugin () [0x0007b] in .\Library\PackageCache\com.unity.xr.oculus@4.0.0\Runtime\OculusLoader.cs:267 
  at (wrapper managed-to-native) System.Reflection.RuntimeMethodInfo.InternalInvoke(System.Reflection.RuntimeMethodInfo,object,object[],System.Exception&)
  at System.Reflection.RuntimeMethodInfo.Invoke (System.Object obj, System.Reflection.BindingFlags invokeAttr, System.Reflection.Binder binder, System.Object[] parameters, System.Globalization.CultureInfo culture) [0x0006a] in <787acc3c9a4c471ba7d971300105af24>:0 
   --- End of inner exception stack trace ---
  at System.Reflection.RuntimeMethodInfo.Invoke (System.Object obj, System.Reflection.BindingFlags invokeAttr, System.Reflection.Binder binder, System.Object[] parameters, System.Globalization.CultureInfo culture) [0x00083] in <787acc3c9a4c471ba7d971300105af24>:0 
  at System.Reflection.MethodBase.Invoke (System.Object obj, System.Object[] parameters) [0x00000] in <787acc3c9a4c471ba7d971300105af24>:0 
  at UnityEditor.EditorAssemblies.ProcessInitializeOnLoadMethodAttributes () [0x000a5] in <2e279d988b9d4542841de511fbfdf8c2>:0 
UnityEngine.StackTraceUtility:ExtractStackTrace ()
UnityEngine.DebugLogHandler:LogFormat (UnityEngine.LogType,UnityEngine.Object,string,object[])
UnityEngine.Logger:Log (UnityEngine.LogType,object)
UnityEngine.Debug:LogError (object)
UnityEditor.EditorAssemblies:ProcessInitializeOnLoadMethodAttributes ()

Mono: successfully reloaded assembly
[Package Manager] Server::EnsureServerProcessIsRunning -- launch failed, reason: Unity was launched with the -noUpm command-line argument
[Package Manager] UpmClient::Send -- Unable to send message (not connected to UPM process).
[Package Manager] Cannot connect to Unity Package Manager local server
[Package Manager] Server::EnsureServerProcessIsRunning -- launch failed, reason: Unity was launched with the -noUpm command-line argument
[Package Manager] UpmClient::Send -- Unable to send message (not connected to UPM process).
[Package Manager] Cannot connect to Unity Package Manager local server
- Finished resetting the current domain, in  0.770 seconds
Domain Reload Profiling: 1444ms
	BeginReloadAssembly (157ms)
		ExecutionOrderSort (0ms)
		DisableScriptedObjects (5ms)
		BackupInstance (0ms)
		ReleaseScriptingObjects (0ms)
		CreateAndSetChildDomain (24ms)
	RebuildCommonClasses (36ms)
	RebuildNativeTypeToScriptingClass (11ms)
	initialDomainReloadingComplete (39ms)
	LoadAllAssembliesAndSetupDomain (431ms)
		LoadAssemblies (285ms)
		RebuildTransferFunctionScriptingTraits (0ms)
		AnalyzeDomain (230ms)
			TypeCache.Refresh (192ms)
				TypeCache.ScanAssembly (173ms)
			ScanForSourceGeneratedMonoScriptInfo (27ms)
			ResolveRequiredComponents (9ms)
	FinalizeReload (770ms)
		ReleaseScriptCaches (0ms)
		RebuildScriptCaches (0ms)
		SetupLoadedEditorAssemblies (577ms)
			LogAssemblyErrors (0ms)
			InitializePlatformSupportModulesInManaged (5ms)
			SetLoadedEditorAssemblies (4ms)
			RefreshPlugins (0ms)
			BeforeProcessingInitializeOnLoad (87ms)
			ProcessInitializeOnLoadAttributes (371ms)
			ProcessInitializeOnLoadMethodAttributes (102ms)
			AfterProcessingInitializeOnLoad (7ms)
			EditorAssembliesLoaded (0ms)
		ExecutionOrderSort2 (0ms)
		AwakeInstancesAfterBackupRestoration (5ms)
Launched and connected shader compiler UnityShaderCompiler.exe after 0.04 seconds
Refreshing native plugins compatible for Editor in 12.24 ms, found 12 plugins.
Preloading 1 native plugins for Editor in 0.06 ms.
Unloading 6153 Unused Serialized files (Serialized files now loaded: 0)
Unloading 111 unused Assets / (3.4 MB). Loaded Objects now: 6622.
Memory consumption went from 211.9 MB to 208.5 MB.
Total: 5.806000 ms (FindLiveObjects: 0.631200 ms CreateObjectMapping: 0.533900 ms MarkObjects: 3.520200 ms  DeleteObjects: 1.119200 ms)

AssetImportParameters requested are different than current active one (requested -> active):
  custom:container-demuxer-ogg: 62fdf1f143b41e24485cea50d1cbac27 -> 
  custom:video-decoder-ogg-theora: a1e56fd34408186e4bbccfd4996cb3dc -> 
  custom:framework-win-MediaFoundation: 216162199b28c13a410421893ffa2e32 -> 
  custom:container-demuxer-webm: 4f35f7cbe854078d1ac9338744f61a02 -> 
  custom:container-muxer-webm: aa71ff27fc2769a1b78a27578f13a17b -> 
  custom:video-decoder-webm-vp8: 9c59270c3fd7afecdb556c50c9e8de78 -> 
  custom:AudioImporter_EditorPlatform: d09bf68614088b80899f8185d706f6e7 -> 
  custom:video-encoder-webm-vp8: eb34c28f22e8b96e1ab97ce403110664 -> 
  custom:audio-decoder-ogg-vorbis: bf7c407c2cedff20999df2af8eb42d56 -> 
  custom:audio-encoder-webm-vorbis: bf7c407c2cedff20999df2af8eb42d56 -> 
========================================================================
Received Import Request.
  Time since last request: 1730908.436167 seconds.
  path: Assets/TerrainData_cdbb85bc-92b1-4ccc-be5a-5cc3465c1f77.asset
  artifactKey: Guid(5e14c3f11fda5994498d05aadc28b97b) Importer(815301076,1909f56bfc062723c751e8b465ee728b)
Start importing Assets/TerrainData_cdbb85bc-92b1-4ccc-be5a-5cc3465c1f77.asset using Guid(5e14c3f11fda5994498d05aadc28b97b) Importer(815301076,1909f56bfc062723c751e8b465ee728b)  -> (artifact id: 'c4321ac4f6d283dd16d6808133df072d') in 0.014971 seconds
Number of updated asset objects reloaded before import = 0
Number of asset objects unloaded after import = 1
========================================================================
Received Import Request.
  Time since last request: 0.000027 seconds.
  path: Assets/TerrainData_32e0fef9-a22f-4c1d-8dff-30972450cc6a.asset
  artifactKey: Guid(35ace439128d976439295d9d7e2892d7) Importer(815301076,1909f56bfc062723c751e8b465ee728b)
Start importing Assets/TerrainData_32e0fef9-a22f-4c1d-8dff-30972450cc6a.asset using Guid(35ace439128d976439295d9d7e2892d7) Importer(815301076,1909f56bfc062723c751e8b465ee728b)  -> (artifact id: '4a2b0a2b19c5712a709b298920db9bba') in 0.004552 seconds
Number of updated asset objects reloaded before import = 0
Number of asset objects unloaded after import = 1
========================================================================
Received Import Request.
  Time since last request: 0.000015 seconds.
  path: Assets/TerrainData_571e859d-95c9-46ea-a02f-bd2a43f0de58.asset
  artifactKey: Guid(0075260d5644b544ea3cbe009d058b42) Importer(815301076,1909f56bfc062723c751e8b465ee728b)
Start importing Assets/TerrainData_571e859d-95c9-46ea-a02f-bd2a43f0de58.asset using Guid(0075260d5644b544ea3cbe009d058b42) Importer(815301076,1909f56bfc062723c751e8b465ee728b)  -> (artifact id: 'b03a45bfbd9849502bfcf1a19bb1edce') in 0.005839 seconds
Number of updated asset objects reloaded before import = 0
Number of asset objects unloaded after import = 1
========================================================================
Received Import Request.
  Time since last request: 0.000016 seconds.
  path: Assets/TerrainData_a3fa0c51-7321-4865-82ab-e50d2b49a5b1.asset
  artifactKey: Guid(865aa4d0ddd238941a6a1b1290f8a11a) Importer(815301076,1909f56bfc062723c751e8b465ee728b)
Start importing Assets/TerrainData_a3fa0c51-7321-4865-82ab-e50d2b49a5b1.asset using Guid(865aa4d0ddd238941a6a1b1290f8a11a) Importer(815301076,1909f56bfc062723c751e8b465ee728b)  -> (artifact id: '4a52b393e4f871bfec8b1eeea990d983') in 0.004501 seconds
Number of updated asset objects reloaded before import = 0
Number of asset objects unloaded after import = 1
========================================================================
Received Import Request.
  Time since last request: 0.000016 seconds.
  path: Assets/TerrainData_99aaae3c-1f36-459d-a56e-ddc6628d9ac2.asset
  artifactKey: Guid(5d0a102e672dc364d9be47d716b7bacf) Importer(815301076,1909f56bfc062723c751e8b465ee728b)
Start importing Assets/TerrainData_99aaae3c-1f36-459d-a56e-ddc6628d9ac2.asset using Guid(5d0a102e672dc364d9be47d716b7bacf) Importer(815301076,1909f56bfc062723c751e8b465ee728b)  -> (artifact id: '30e99da485f349daecbd744b7c694716') in 0.005240 seconds
Number of updated asset objects reloaded before import = 0
Number of asset objects unloaded after import = 1
========================================================================
Received Import Request.
  Time since last request: 0.000016 seconds.
  path: Assets/TerrainData_4010696c-5d5e-4026-ac5d-6d7443829297.asset
  artifactKey: Guid(6e73df55edc50534287d2fc50611daf4) Importer(815301076,1909f56bfc062723c751e8b465ee728b)
Start importing Assets/TerrainData_4010696c-5d5e-4026-ac5d-6d7443829297.asset using Guid(6e73df55edc50534287d2fc50611daf4) Importer(815301076,1909f56bfc062723c751e8b465ee728b)  -> (artifact id: '228d2460c3bd2eb343545e1bb15cb4dc') in 0.004819 seconds
Number of updated asset objects reloaded before import = 0
Number of asset objects unloaded after import = 1
========================================================================
Received Import Request.
  Time since last request: 0.000015 seconds.
  path: Assets/TerrainData_dc80b95c-29ff-4024-8fbc-02085821f419.asset
  artifactKey: Guid(0332094defad7b748947c2efd039baa1) Importer(815301076,1909f56bfc062723c751e8b465ee728b)
Start importing Assets/TerrainData_dc80b95c-29ff-4024-8fbc-02085821f419.asset using Guid(0332094defad7b748947c2efd039baa1) Importer(815301076,1909f56bfc062723c751e8b465ee728b)  -> (artifact id: '453dea178f893e821c94ee99d2362448') in 0.004789 seconds
Number of updated asset objects reloaded before import = 0
Number of asset objects unloaded after import = 1
========================================================================
Received Import Request.
  Time since last request: 0.000020 seconds.
  path: Assets/TerrainData_efe1255f-4f1c-4cc6-bfe7-419f9276164b.asset
  artifactKey: Guid(ee9600ad2d117084bb4f08e0b9b6cd73) Importer(815301076,1909f56bfc062723c751e8b465ee728b)
Start importing Assets/TerrainData_efe1255f-4f1c-4cc6-bfe7-419f9276164b.asset using Guid(ee9600ad2d117084bb4f08e0b9b6cd73) Importer(815301076,1909f56bfc062723c751e8b465ee728b)  -> (artifact id: 'e3c7c6ab8ff7cb915198de63d34e04fb') in 0.005232 seconds
Number of updated asset objects reloaded before import = 0
Number of asset objects unloaded after import = 1
========================================================================
Received Import Request.
  Time since last request: 0.000016 seconds.
  path: Assets/TerrainData_af7f69e9-b06b-41d7-9622-680988b8c12b.asset
  artifactKey: Guid(b3163486cbb4bb44c800ad31ab344b3b) Importer(815301076,1909f56bfc062723c751e8b465ee728b)
Start importing Assets/TerrainData_af7f69e9-b06b-41d7-9622-680988b8c12b.asset using Guid(b3163486cbb4bb44c800ad31ab344b3b) Importer(815301076,1909f56bfc062723c751e8b465ee728b)  -> (artifact id: '1acf2906d047b5a7653baf4506dc3b2a') in 0.004635 seconds
Number of updated asset objects reloaded before import = 0
Number of asset objects unloaded after import = 1
========================================================================
Received Import Request.
  Time since last request: 0.000016 seconds.
  path: Assets/TerrainData_ec1bdaff-4a63-40bd-ab00-26a638f690d8.asset
  artifactKey: Guid(855367ce95f7cf64d80446efc34bd699) Importer(815301076,1909f56bfc062723c751e8b465ee728b)
Start importing Assets/TerrainData_ec1bdaff-4a63-40bd-ab00-26a638f690d8.asset using Guid(855367ce95f7cf64d80446efc34bd699) Importer(815301076,1909f56bfc062723c751e8b465ee728b)  -> (artifact id: '6c8cc872136edc53fc34c7186f7366d4') in 0.005510 seconds
Number of updated asset objects reloaded before import = 0
Number of asset objects unloaded after import = 1
========================================================================
Received Import Request.
  Time since last request: 0.000016 seconds.
  path: Assets/TerrainData_f700c179-d72b-4262-8628-551bb9eadd61.asset
  artifactKey: Guid(57be6bb747fc04244b95fd6228706c3c) Importer(815301076,1909f56bfc062723c751e8b465ee728b)
Start importing Assets/TerrainData_f700c179-d72b-4262-8628-551bb9eadd61.asset using Guid(57be6bb747fc04244b95fd6228706c3c) Importer(815301076,1909f56bfc062723c751e8b465ee728b)  -> (artifact id: '3ce3c78c6a4cb27e1af631cba6ab7527') in 0.004694 seconds
Number of updated asset objects reloaded before import = 0
Number of asset objects unloaded after import = 1
========================================================================
Received Import Request.
  Time since last request: 0.000015 seconds.
  path: Assets/TerrainData_2d252987-9622-4608-97d8-2182ba19445b.asset
  artifactKey: Guid(5af2a930dc598704fac6ab113bf3c3a1) Importer(815301076,1909f56bfc062723c751e8b465ee728b)
Start importing Assets/TerrainData_2d252987-9622-4608-97d8-2182ba19445b.asset using Guid(5af2a930dc598704fac6ab113bf3c3a1) Importer(815301076,1909f56bfc062723c751e8b465ee728b)  -> (artifact id: 'b6775b011bab41951a1e95a141689289') in 0.004889 seconds
Number of updated asset objects reloaded before import = 0
Number of asset objects unloaded after import = 1
========================================================================
Received Import Request.
  Time since last request: 0.000018 seconds.
  path: Assets/TerrainData_7ef81260-ca95-4b80-ad48-ac22ec4f4ff8.asset
  artifactKey: Guid(981798fa7360db744a600c611818247c) Importer(815301076,1909f56bfc062723c751e8b465ee728b)
Start importing Assets/TerrainData_7ef81260-ca95-4b80-ad48-ac22ec4f4ff8.asset using Guid(981798fa7360db744a600c611818247c) Importer(815301076,1909f56bfc062723c751e8b465ee728b)  -> (artifact id: 'a95b5d9879f84934fa12e70fea5c49a7') in 0.004582 seconds
Number of updated asset objects reloaded before import = 0
Number of asset objects unloaded after import = 1
========================================================================
Received Import Request.
  Time since last request: 0.000015 seconds.
  path: Assets/TerrainData_51ab48fb-c282-4e83-9690-9b7a10949af1.asset
  artifactKey: Guid(afe0ff2d353e48343bb04c5cc3d9c5d7) Importer(815301076,1909f56bfc062723c751e8b465ee728b)
Start importing Assets/TerrainData_51ab48fb-c282-4e83-9690-9b7a10949af1.asset using Guid(afe0ff2d353e48343bb04c5cc3d9c5d7) Importer(815301076,1909f56bfc062723c751e8b465ee728b)  -> (artifact id: '50de45ad8d9e4d3d91a1df4e3d2ac7ec') in 0.004577 seconds
Number of updated asset objects reloaded before import = 0
Number of asset objects unloaded after import = 1
========================================================================
Received Import Request.
  Time since last request: 0.000015 seconds.
  path: Assets/TerrainData_e526b8cb-8cfa-433f-97eb-42d5403ca4f0.asset
  artifactKey: Guid(403a0a278f49dae45a812d77f373054e) Importer(815301076,1909f56bfc062723c751e8b465ee728b)
Start importing Assets/TerrainData_e526b8cb-8cfa-433f-97eb-42d5403ca4f0.asset using Guid(403a0a278f49dae45a812d77f373054e) Importer(815301076,1909f56bfc062723c751e8b465ee728b)  -> (artifact id: '8f27522daa74c14bf183e3e98edff5a9') in 0.005178 seconds
Number of updated asset objects reloaded before import = 0
Number of asset objects unloaded after import = 1
========================================================================
Received Import Request.
  Time since last request: 0.000016 seconds.
  path: Assets/TerrainData_d6455202-c699-45c1-9e87-c3b5a71973c6.asset
  artifactKey: Guid(11344de421eedc94fa30be2f376f45a1) Importer(815301076,1909f56bfc062723c751e8b465ee728b)
Start importing Assets/TerrainData_d6455202-c699-45c1-9e87-c3b5a71973c6.asset using Guid(11344de421eedc94fa30be2f376f45a1) Importer(815301076,1909f56bfc062723c751e8b465ee728b)  -> (artifact id: 'db411237c6548fb3d39113651a44ab80') in 0.004594 seconds
Number of updated asset objects reloaded before import = 0
Number of asset objects unloaded after import = 1
========================================================================
Received Import Request.
  Time since last request: 0.000016 seconds.
  path: Assets/TerrainData_24357229-79f2-4ae4-adef-71e1d1e991b2.asset
  artifactKey: Guid(ff2dacbc2b3075d4b8806c24cba42d98) Importer(815301076,1909f56bfc062723c751e8b465ee728b)
Start importing Assets/TerrainData_24357229-79f2-4ae4-adef-71e1d1e991b2.asset using Guid(ff2dacbc2b3075d4b8806c24cba42d98) Importer(815301076,1909f56bfc062723c751e8b465ee728b)  -> (artifact id: 'c9b247a0115df45080b761191cf03a47') in 0.004859 seconds
Number of updated asset objects reloaded before import = 0
Number of asset objects unloaded after import = 1
========================================================================
Received Import Request.
  Time since last request: 0.000015 seconds.
  path: Assets/New Terrain 1.asset
  artifactKey: Guid(9cf2118bec276a541aa65628d41a460c) Importer(815301076,1909f56bfc062723c751e8b465ee728b)
Start importing Assets/New Terrain 1.asset using Guid(9cf2118bec276a541aa65628d41a460c) Importer(815301076,1909f56bfc062723c751e8b465ee728b)  -> (artifact id: '100fe86ef20f230fe50d3b6a0ccf5e8a') in 0.004573 seconds
Number of updated asset objects reloaded before import = 0
Number of asset objects unloaded after import = 1
========================================================================
Received Import Request.
  Time since last request: 0.000014 seconds.
  path: Assets/TerrainData_e250bf0b-2ab8-4301-8c69-df09b76c24b8.asset
  artifactKey: Guid(bd290d4dad4b46f4a8a1b2f0ee7e376b) Importer(815301076,1909f56bfc062723c751e8b465ee728b)
Start importing Assets/TerrainData_e250bf0b-2ab8-4301-8c69-df09b76c24b8.asset using Guid(bd290d4dad4b46f4a8a1b2f0ee7e376b) Importer(815301076,1909f56bfc062723c751e8b465ee728b)  -> (artifact id: 'a0a53a5ebac1f3fa7fa1810a138bb3a0') in 0.004988 seconds
Number of updated asset objects reloaded before import = 0
Number of asset objects unloaded after import = 1
========================================================================
Received Import Request.
  Time since last request: 0.000019 seconds.
  path: Assets/TerrainData_9fc1d559-8853-4854-8ed9-4ad94612732f.asset
  artifactKey: Guid(6df624c3adfad8a46bccbfbdf891414c) Importer(815301076,1909f56bfc062723c751e8b465ee728b)
Start importing Assets/TerrainData_9fc1d559-8853-4854-8ed9-4ad94612732f.asset using Guid(6df624c3adfad8a46bccbfbdf891414c) Importer(815301076,1909f56bfc062723c751e8b465ee728b)  -> (artifact id: '6068443e5e9f4434ae71eaaf00c016b0') in 0.004527 seconds
Number of updated asset objects reloaded before import = 0
Number of asset objects unloaded after import = 1
========================================================================
Received Import Request.
  Time since last request: 0.000014 seconds.
  path: Assets/TerrainData_83669200-63ee-4c95-a552-c424f7ec3063.asset
  artifactKey: Guid(016ac0b9a6c5c8643a14b2b08ac4d29a) Importer(815301076,1909f56bfc062723c751e8b465ee728b)
Start importing Assets/TerrainData_83669200-63ee-4c95-a552-c424f7ec3063.asset using Guid(016ac0b9a6c5c8643a14b2b08ac4d29a) Importer(815301076,1909f56bfc062723c751e8b465ee728b)  -> (artifact id: 'c9275952452b1ca00d20f69ba31f1274') in 0.004681 seconds
Number of updated asset objects reloaded before import = 0
Number of asset objects unloaded after import = 1
========================================================================
Received Import Request.
  Time since last request: 0.000020 seconds.
  path: Assets/TerrainData_d396813c-1495-4913-bf8b-2933345df64a.asset
  artifactKey: Guid(d90a5067302ffec4fbe1ca0270b91ed4) Importer(815301076,1909f56bfc062723c751e8b465ee728b)
Start importing Assets/TerrainData_d396813c-1495-4913-bf8b-2933345df64a.asset using Guid(d90a5067302ffec4fbe1ca0270b91ed4) Importer(815301076,1909f56bfc062723c751e8b465ee728b)  -> (artifact id: 'a42c3737c050c49c0249bd97e887a62e') in 0.007917 seconds
Number of updated asset objects reloaded before import = 0
Number of asset objects unloaded after import = 2
========================================================================
Received Import Request.
  Time since last request: 0.000015 seconds.
  path: Assets/TerrainData_fbfc6331-a9bd-4af9-9dc3-ac030395d0cb.asset
  artifactKey: Guid(707663237b4f77842b28f548c63f0f14) Importer(815301076,1909f56bfc062723c751e8b465ee728b)
Start importing Assets/TerrainData_fbfc6331-a9bd-4af9-9dc3-ac030395d0cb.asset using Guid(707663237b4f77842b28f548c63f0f14) Importer(815301076,1909f56bfc062723c751e8b465ee728b)  -> (artifact id: 'f2c150df3c46c93e15b826980b4a7902') in 0.004777 seconds
Number of updated asset objects reloaded before import = 0
Number of asset objects unloaded after import = 1
========================================================================
Received Import Request.
  Time since last request: 0.000017 seconds.
  path: Assets/TerrainData_7a059ce3-afce-477c-ac86-eb07aeff1649.asset
  artifactKey: Guid(18a9e87a22cadc44fb9e611c241cc8fd) Importer(815301076,1909f56bfc062723c751e8b465ee728b)
Start importing Assets/TerrainData_7a059ce3-afce-477c-ac86-eb07aeff1649.asset using Guid(18a9e87a22cadc44fb9e611c241cc8fd) Importer(815301076,1909f56bfc062723c751e8b465ee728b)  -> (artifact id: '9b913110bf00fdcc5e03c965f9e8dd9c') in 0.004692 seconds
Number of updated asset objects reloaded before import = 0
Number of asset objects unloaded after import = 1
========================================================================
Received Import Request.
  Time since last request: 0.000016 seconds.
  path: Assets/New Terrain.asset
  artifactKey: Guid(a0742319f1973484ea78f8af2307cefd) Importer(815301076,1909f56bfc062723c751e8b465ee728b)
Start importing Assets/New Terrain.asset using Guid(a0742319f1973484ea78f8af2307cefd) Importer(815301076,1909f56bfc062723c751e8b465ee728b)  -> (artifact id: '0879f04a3c92cf52929166153abb956d') in 0.005791 seconds
Number of updated asset objects reloaded before import = 0
Number of asset objects unloaded after import = 1
========================================================================
Received Import Request.
  Time since last request: 0.000022 seconds.
  path: Assets/TerrainData_1f07ff68-8347-4d99-bc4d-7efe19c4438f.asset
  artifactKey: Guid(1f6052954ff2f7c428016f89b78caef6) Importer(815301076,1909f56bfc062723c751e8b465ee728b)
Start importing Assets/TerrainData_1f07ff68-8347-4d99-bc4d-7efe19c4438f.asset using Guid(1f6052954ff2f7c428016f89b78caef6) Importer(815301076,1909f56bfc062723c751e8b465ee728b)  -> (artifact id: '34568e8cd8866da3096f1333ead11784') in 0.004807 seconds
Number of updated asset objects reloaded before import = 0
Number of asset objects unloaded after import = 1
========================================================================
Received Import Request.
  Time since last request: 0.000016 seconds.
  path: Assets/TerrainData_17c8d4bf-048c-4395-af6b-ac2fe4dee05c.asset
  artifactKey: Guid(e3047517ad8ac604e8b0d4b3c8d8f349) Importer(815301076,1909f56bfc062723c751e8b465ee728b)
Start importing Assets/TerrainData_17c8d4bf-048c-4395-af6b-ac2fe4dee05c.asset using Guid(e3047517ad8ac604e8b0d4b3c8d8f349) Importer(815301076,1909f56bfc062723c751e8b465ee728b)  -> (artifact id: '7d3cf6b26c0a3674adc5799012e3402a') in 0.004777 seconds
Number of updated asset objects reloaded before import = 0
Number of asset objects unloaded after import = 1
========================================================================
Received Import Request.
  Time since last request: 0.000025 seconds.
  path: Assets/TerrainData_45ae1e25-48bf-4243-bf57-e972ba09868b.asset
  artifactKey: Guid(fcf1042046fb9074ea80e1298716a9e6) Importer(815301076,1909f56bfc062723c751e8b465ee728b)
Start importing Assets/TerrainData_45ae1e25-48bf-4243-bf57-e972ba09868b.asset using Guid(fcf1042046fb9074ea80e1298716a9e6) Importer(815301076,1909f56bfc062723c751e8b465ee728b)  -> (artifact id: '7641cb0684397cdda5427307b64f2027') in 0.004614 seconds
Number of updated asset objects reloaded before import = 0
Number of asset objects unloaded after import = 1
========================================================================
Received Import Request.
  Time since last request: 0.000015 seconds.
  path: Assets/TerrainData_baebd3bd-7adc-434c-9eb9-1ffa25f8ad35.asset
  artifactKey: Guid(7e68a84d11b96b1438f692c2702999e8) Importer(815301076,1909f56bfc062723c751e8b465ee728b)
Start importing Assets/TerrainData_baebd3bd-7adc-434c-9eb9-1ffa25f8ad35.asset using Guid(7e68a84d11b96b1438f692c2702999e8) Importer(815301076,1909f56bfc062723c751e8b465ee728b)  -> (artifact id: 'd91992a06e39099cf22c3d8f19dd449a') in 0.004905 seconds
Number of updated asset objects reloaded before import = 0
Number of asset objects unloaded after import = 1
========================================================================
Received Import Request.
  Time since last request: 0.000022 seconds.
  path: Assets/TerrainData_f68f87a8-34d0-4d7b-a8ad-d514a3649e86.asset
  artifactKey: Guid(85d85ec0a7cde4f4d84732a95f8c7217) Importer(815301076,1909f56bfc062723c751e8b465ee728b)
Start importing Assets/TerrainData_f68f87a8-34d0-4d7b-a8ad-d514a3649e86.asset using Guid(85d85ec0a7cde4f4d84732a95f8c7217) Importer(815301076,1909f56bfc062723c751e8b465ee728b)  -> (artifact id: 'aeaf776f1b374bf729f6650b6100b836') in 0.005210 seconds
Number of updated asset objects reloaded before import = 0
Number of asset objects unloaded after import = 1
========================================================================
Received Prepare
Refreshing native plugins compatible for Editor in 13.93 ms, found 12 plugins.
Preloading 1 native plugins for Editor in 0.06 ms.
Unloading 27 Unused Serialized files (Serialized files now loaded: 0)
Unloading 28 unused Assets / (3.4 MB). Loaded Objects now: 6623.
Memory consumption went from 108.6 MB to 105.3 MB.
Total: 8.172900 ms (FindLiveObjects: 0.601700 ms CreateObjectMapping: 0.554900 ms MarkObjects: 5.968400 ms  DeleteObjects: 1.046900 ms)

Prepare: number of updated asset objects reloaded= 0
AssetImportParameters requested are different than current active one (requested -> active):
  custom:container-demuxer-ogg: 62fdf1f143b41e24485cea50d1cbac27 -> 
  custom:video-decoder-ogg-theora: a1e56fd34408186e4bbccfd4996cb3dc -> 
  custom:framework-win-MediaFoundation: 216162199b28c13a410421893ffa2e32 -> 
  custom:CustomObjectIndexerAttribute: 756ad292c208cfabdd7b50bc23989ffe -> 
  custom:container-demuxer-webm: 4f35f7cbe854078d1ac9338744f61a02 -> 
  custom:container-muxer-webm: aa71ff27fc2769a1b78a27578f13a17b -> 
  custom:video-decoder-webm-vp8: 9c59270c3fd7afecdb556c50c9e8de78 -> 
  custom:SearchIndexIgnoredProperties: e643bd26f0fe6173181afceb89e7c659 -> 
  custom:AudioImporter_EditorPlatform: d09bf68614088b80899f8185d706f6e7 -> 
  custom:video-encoder-webm-vp8: eb34c28f22e8b96e1ab97ce403110664 -> 
  custom:audio-decoder-ogg-vorbis: bf7c407c2cedff20999df2af8eb42d56 -> 
  custom:audio-encoder-webm-vorbis: bf7c407c2cedff20999df2af8eb42d56 -> 
========================================================================
Received Import Request.
  Time since last request: 449.548983 seconds.
  path: Assets/asset_store/key_lock/prefab/prf_lock_01.prefab
  artifactKey: Guid(0bff3850fb8b0914ba97ae33a25041c1) Importer(815301076,1909f56bfc062723c751e8b465ee728b)
Start importing Assets/asset_store/key_lock/prefab/prf_lock_01.prefab using Guid(0bff3850fb8b0914ba97ae33a25041c1) Importer(815301076,1909f56bfc062723c751e8b465ee728b)  -> (artifact id: '67ea0ae0571986c0b96c8f096c79d95e') in 0.126514 seconds
Number of updated asset objects reloaded before import = 0
Number of asset objects unloaded after import = 38
Editor requested this worker to shutdown with reason: Scaling down because of idle timeout
TcpMessagingSession - receive error: operation aborted. errorcode: 995, details: The I/O operation has been aborted because of either a thread exit or an application request.
AssetImportWorker is now disconnected from the server
Process exiting
Exiting without the bug reporter. Application will terminate with return code 0